Start refresh candidates... time:[2021-06-29]
SUCCESS: Flush patches count:  0
Prepare to create bugzilla...
Create bugzilla end
SUCCESS: refresh candidates OK
Start refresh candidates... time:[2021-06-29]
Start refresh candidates... time:[2021-06-29]
ERROR: /Users/wangshaobo/Documents/WorkSpace/git/tools/../repo does not exist, skipping...
Start refresh candidates... time:[2021-06-29]
ERROR: /Users/wangshaobo/Documents/WorkSpace/git/tools/../repo does not exist, skipping...
Start refresh candidates... time:[2021-06-29]
ERROR: /Users/wangshaobo/Documents/WorkSpace/git/tools/../repo does not exist, skipping...
Start refresh candidates... time:[2021-06-29]
ERROR: /Users/wangshaobo/Documents/WorkSpace/git/tools/../repo does not exist, skipping...
Start refresh candidates... time:[2021-06-29]
ERROR: /Users/wangshaobo/Documents/WorkSpace/git/tools/../repo does not exist, skipping...
Start refresh candidates... time:[2021-06-29]
ERROR: /Users/wangshaobo/Documents/WorkSpace/git/tools/../repo does not exist, skipping...
Start refresh candidates... time:[2021-06-29]
ERROR: /Users/wangshaobo/Documents/WorkSpace/git/tools/../repo does not exist, skipping...
Start refresh candidates... time:[2021-06-29]
ERROR: /Users/wangshaobo/Documents/WorkSpace/git/tools/../repo does not exist, skipping...
Start refresh candidates... time:[2021-06-29]
ERROR: /Users/wangshaobo/Documents/WorkSpace/git/tools/../repo does not exist, skipping...
Start refresh candidates... time:[2021-06-29]
ERROR: /Users/wangshaobo/Documents/WorkSpace/git/tools/../repo does not exist, skipping...
Start refresh candidates... time:[2021-06-29]
ERROR: /Users/wangshaobo/Documents/WorkSpace/git/tools/../repo does not exist, skipping...
Start refresh candidates... time:[2021-06-29]
ERROR: /Users/wangshaobo/Documents/WorkSpace/git/tools/../repo does not exist, skipping...
Start refresh candidates... time:[2021-06-29]
ERROR: /Users/wangshaobo/Documents/WorkSpace/git/tools/../repo does not exist, skipping...
Start refresh candidates... time:[2021-06-29]
ERROR: /Users/wangshaobo/Documents/WorkSpace/git/tools/../repo does not exist, skipping...
